2015-12-03 13:49:08,660 72 INFO ASP.global_asax - BEGIN: Application_Start()
2015-12-03 13:49:08,728 75 DEBUG ASP.global_asax - Current AppDomainId:c45ed0e5-2-130935953341191613
2015-12-03 13:49:08,732 76 DEBUG ASP.global_asax - Current AppDomainAppPath:E:\IMES_CODE\Code\RCTO\web\
2015-12-03 13:49:08,735 77 DEBUG ASP.global_asax - Current AppDomainAppId:c45ed0e5
2015-12-03 13:49:08,739 85 INFO ASP.global_asax - END: Application_Start()
2015-12-03 13:49:08,947 11 INFO ASP.global_asax - BEGIN: Init()
2015-12-03 13:49:08,959 14 DEBUG ASP.global_asax - Current AppDomainId:c45ed0e5-2-130935953341191613
2015-12-03 13:49:08,969 15 DEBUG ASP.global_asax - Current AppDomainAppPath:E:\IMES_CODE\Code\RCTO\web\
2015-12-03 13:49:08,973 16 DEBUG ASP.global_asax - Current AppDomainAppId:c45ed0e5
2015-12-03 13:49:08,976 24 INFO ASP.global_asax - END: Init()
2015-12-03 13:49:45,684 37 INFO MasterPage - BEGIN: Page_Init()
2015-12-03 13:49:45,706 42 DEBUG MasterPage - Path:~/FA/RemoveKPCT.aspx IsPostBack:False SessionId: UserId:
2015-12-03 13:49:45,710 88 INFO MasterPage - END: Page_Init()
2015-12-03 13:49:50,427 11 INFO ASP.global_asax - BEGIN: Init()
2015-12-03 13:49:50,427 11 INFO ASP.global_asax - BEGIN: Init()
2015-12-03 13:49:50,435 14 DEBUG ASP.global_asax - Current AppDomainId:c45ed0e5-2-130935953341191613
2015-12-03 13:49:50,443 14 DEBUG ASP.global_asax - Current AppDomainId:c45ed0e5-2-130935953341191613
2015-12-03 13:49:50,449 15 DEBUG ASP.global_asax - Current AppDomainAppPath:E:\IMES_CODE\Code\RCTO\web\
2015-12-03 13:49:50,458 16 DEBUG ASP.global_asax - Current AppDomainAppId:c45ed0e5
2015-12-03 13:49:50,454 15 DEBUG ASP.global_asax - Current AppDomainAppPath:E:\IMES_CODE\Code\RCTO\web\
2015-12-03 13:49:50,466 24 INFO ASP.global_asax - END: Init()
2015-12-03 13:49:50,474 16 DEBUG ASP.global_asax - Current AppDomainAppId:c45ed0e5
2015-12-03 13:49:50,483 24 INFO ASP.global_asax - END: Init()
2015-12-03 13:50:11,717 37 INFO MasterPage - BEGIN: Page_Init()
2015-12-03 13:50:11,726 42 DEBUG MasterPage - Path:~/FA/RemoveKPCT.aspx IsPostBack:True SessionId: UserId:
2015-12-03 13:50:11,734 88 INFO MasterPage - END: Page_Init()
2015-12-03 13:50:12,243 37 INFO MasterPage - BEGIN: Page_Init()
2015-12-03 13:50:12,424 42 DEBUG MasterPage - Path:~/FA/RemoveKPCT.aspx IsPostBack:False SessionId: UserId:DYH
2015-12-03 13:50:12,428 88 INFO MasterPage - END: Page_Init()
2015-12-03 13:50:12,670 37 INFO MasterPage - BEGIN: Page_Init()
2015-12-03 13:50:12,682 42 DEBUG MasterPage - Path:~/FA/RemoveKPCT.aspx IsPostBack:True SessionId: UserId:
2015-12-03 13:50:12,689 88 INFO MasterPage - END: Page_Init()
2015-12-03 13:50:17,803 37 INFO MasterPage - BEGIN: Page_Init()
2015-12-03 13:50:17,814 42 DEBUG MasterPage - Path:~/FA/RemoveKPCT.aspx IsPostBack:True SessionId: UserId:DYH
2015-12-03 13:50:17,822 88 INFO MasterPage - END: Page_Init()
2015-12-03 13:53:08,071 37 INFO MasterPage - BEGIN: Page_Init()
2015-12-03 13:53:08,077 42 DEBUG MasterPage - Path:~/FA/RemoveKPCT.aspx IsPostBack:True SessionId: UserId:DYH
2015-12-03 13:53:08,082 88 INFO MasterPage - END: Page_Init()
2015-12-03 13:53:17,108 37 INFO MasterPage - BEGIN: Page_Init()
2015-12-03 13:53:17,120 42 DEBUG MasterPage - Path:~/FA/RemoveKPCT.aspx IsPostBack:True SessionId: UserId:DYH
2015-12-03 13:53:17,126 88 INFO MasterPage - END: Page_Init()
2015-12-03 13:53:40,040 11 INFO ASP.global_asax - BEGIN: Init()
2015-12-03 13:53:40,061 14 DEBUG ASP.global_asax - Current AppDomainId:c45ed0e5-2-130935953341191613
2015-12-03 13:53:40,058 11 INFO ASP.global_asax - BEGIN: Init()
2015-12-03 13:53:40,067 15 DEBUG ASP.global_asax - Current AppDomainAppPath:E:\IMES_CODE\Code\RCTO\web\
2015-12-03 13:53:40,073 14 DEBUG ASP.global_asax - Current AppDomainId:c45ed0e5-2-130935953341191613
2015-12-03 13:53:40,082 16 DEBUG ASP.global_asax - Current AppDomainAppId:c45ed0e5
2015-12-03 13:53:40,091 15 DEBUG ASP.global_asax - Current AppDomainAppPath:E:\IMES_CODE\Code\RCTO\web\
2015-12-03 13:53:40,100 24 INFO ASP.global_asax - END: Init()
2015-12-03 13:53:40,114 16 DEBUG ASP.global_asax - Current AppDomainAppId:c45ed0e5
2015-12-03 13:53:40,128 24 INFO ASP.global_asax - END: Init()
2015-12-03 13:55:54,607 37 INFO MasterPage - BEGIN: Page_Init()
2015-12-03 13:55:54,622 42 DEBUG MasterPage - Path:~/FA/RemoveKPCT.aspx IsPostBack:True SessionId: UserId:DYH
2015-12-03 13:55:54,631 88 INFO MasterPage - END: Page_Init()
2015-12-03 13:55:55,611 37 INFO MasterPage - BEGIN: Page_Init()
2015-12-03 13:55:55,630 42 DEBUG MasterPage - Path:~/FA/RemoveKPCT.aspx IsPostBack:False SessionId: UserId:DYH
2015-12-03 13:55:55,642 88 INFO MasterPage - END: Page_Init()
2015-12-03 13:55:55,733 11 INFO ASP.global_asax - BEGIN: Init()
2015-12-03 13:55:55,747 14 DEBUG ASP.global_asax - Current AppDomainId:c45ed0e5-2-130935953341191613
2015-12-03 13:55:55,751 11 INFO ASP.global_asax - BEGIN: Init()
2015-12-03 13:55:55,768 14 DEBUG ASP.global_asax - Current AppDomainId:c45ed0e5-2-130935953341191613
2015-12-03 13:55:55,755 15 DEBUG ASP.global_asax - Current AppDomainAppPath:E:\IMES_CODE\Code\RCTO\web\
2015-12-03 13:55:55,775 37 INFO MasterPage - BEGIN: Page_Init()
2015-12-03 13:55:55,775 15 DEBUG ASP.global_asax - Current AppDomainAppPath:E:\IMES_CODE\Code\RCTO\web\
2015-12-03 13:55:55,782 16 DEBUG ASP.global_asax - Current AppDomainAppId:c45ed0e5
2015-12-03 13:55:55,789 42 DEBUG MasterPage - Path:~/FA/RemoveKPCT.aspx IsPostBack:True SessionId: UserId:DYH
2015-12-03 13:55:55,793 16 DEBUG ASP.global_asax - Current AppDomainAppId:c45ed0e5
2015-12-03 13:55:55,800 24 INFO ASP.global_asax - END: Init()
2015-12-03 13:55:55,805 88 INFO MasterPage - END: Page_Init()
2015-12-03 13:55:55,810 24 INFO ASP.global_asax - END: Init()
2015-12-03 13:55:57,870 37 INFO MasterPage - BEGIN: Page_Init()
2015-12-03 13:55:57,881 42 DEBUG MasterPage - Path:~/FA/RemoveKPCT.aspx IsPostBack:True SessionId: UserId:DYH
2015-12-03 13:55:57,889 88 INFO MasterPage - END: Page_Init()
2015-12-03 13:56:06,210 37 INFO MasterPage - BEGIN: Page_Init()
2015-12-03 13:56:06,227 42 DEBUG MasterPage - Path:~/FA/RemoveKPCT.aspx IsPostBack:True SessionId: UserId:DYH
2015-12-03 13:56:06,235 88 INFO MasterPage - END: Page_Init()
2015-12-03 13:56:13,427 37 INFO MasterPage - BEGIN: Page_Init()
2015-12-03 13:56:13,433 42 DEBUG MasterPage - Path:~/FA/RemoveKPCT.aspx IsPostBack:True SessionId: UserId:DYH
2015-12-03 13:56:13,438 88 INFO MasterPage - END: Page_Init()
