2016-01-13 19:25:58,096 72 INFO ASP.global_asax - BEGIN: Application_Start()
2016-01-13 19:25:58,299 75 DEBUG ASP.global_asax - Current AppDomainId:c45ed0e5-1-130971579354993458
2016-01-13 19:25:58,303 76 DEBUG ASP.global_asax - Current AppDomainAppPath:E:\IMES_CODE\Code\RCTO\web\
2016-01-13 19:25:58,307 77 DEBUG ASP.global_asax - Current AppDomainAppId:c45ed0e5
2016-01-13 19:25:58,312 85 INFO ASP.global_asax - END: Application_Start()
2016-01-13 19:25:58,478 11 INFO ASP.global_asax - BEGIN: Init()
2016-01-13 19:25:58,482 14 DEBUG ASP.global_asax - Current AppDomainId:c45ed0e5-1-130971579354993458
2016-01-13 19:25:58,486 15 DEBUG ASP.global_asax - Current AppDomainAppPath:E:\IMES_CODE\Code\RCTO\web\
2016-01-13 19:25:58,489 16 DEBUG ASP.global_asax - Current AppDomainAppId:c45ed0e5
2016-01-13 19:25:58,493 24 INFO ASP.global_asax - END: Init()
2016-01-13 19:26:44,430 37 INFO MasterPage - BEGIN: Page_Init()
2016-01-13 19:26:44,520 42 DEBUG MasterPage - Path:~/PAK/PalletDataVerifyForRCTO.aspx IsPostBack:False SessionId: UserId:
2016-01-13 19:26:44,524 88 INFO MasterPage - END: Page_Init()
2016-01-13 19:26:50,037 11 INFO ASP.global_asax - BEGIN: Init()
2016-01-13 19:26:50,038 11 INFO ASP.global_asax - BEGIN: Init()
2016-01-13 19:26:50,054 14 DEBUG ASP.global_asax - Current AppDomainId:c45ed0e5-1-130971579354993458
2016-01-13 19:26:50,062 15 DEBUG ASP.global_asax - Current AppDomainAppPath:E:\IMES_CODE\Code\RCTO\web\
2016-01-13 19:26:50,058 14 DEBUG ASP.global_asax - Current AppDomainId:c45ed0e5-1-130971579354993458
2016-01-13 19:26:50,066 16 DEBUG ASP.global_asax - Current AppDomainAppId:c45ed0e5
2016-01-13 19:26:50,069 15 DEBUG ASP.global_asax - Current AppDomainAppPath:E:\IMES_CODE\Code\RCTO\web\
2016-01-13 19:26:50,077 16 DEBUG ASP.global_asax - Current AppDomainAppId:c45ed0e5
2016-01-13 19:26:50,074 24 INFO ASP.global_asax - END: Init()
2016-01-13 19:26:50,082 24 INFO ASP.global_asax - END: Init()
2016-01-13 19:27:30,960 37 INFO MasterPage - BEGIN: Page_Init()
2016-01-13 19:27:30,974 42 DEBUG MasterPage - Path:~/PAK/PalletDataVerifyForRCTO.aspx IsPostBack:False SessionId: UserId:DYH
2016-01-13 19:27:30,979 88 INFO MasterPage - END: Page_Init()
2016-01-13 19:27:51,491 37 INFO MasterPage - BEGIN: Page_Init()
2016-01-13 19:27:51,500 42 DEBUG MasterPage - Path:~/PAK/PalletDataVerifyForRCTO.aspx IsPostBack:False SessionId: UserId:DYH
2016-01-13 19:27:51,507 88 INFO MasterPage - END: Page_Init()
2016-01-13 19:30:53,962 95 INFO ASP.global_asax - BEGIN: Application_End()
2016-01-13 19:30:53,968 99 DEBUG ASP.global_asax - Current AppDomainId:c45ed0e5-1-130971579354993458
2016-01-13 19:30:53,972 100 DEBUG ASP.global_asax - Current AppDomainAppPath:E:\IMES_CODE\Code\RCTO\web\
2016-01-13 19:30:53,975 101 DEBUG ASP.global_asax - Current AppDomainAppId:c45ed0e5
2016-01-13 19:30:53,978 109 INFO ASP.global_asax - END: Application_End()
2016-01-13 19:31:02,823 72 INFO ASP.global_asax - BEGIN: Application_Start()
2016-01-13 19:31:02,841 75 DEBUG ASP.global_asax - Current AppDomainId:c45ed0e5-2-130971582616709597
2016-01-13 19:31:02,845 76 DEBUG ASP.global_asax - Current AppDomainAppPath:E:\IMES_CODE\Code\RCTO\web\
2016-01-13 19:31:02,849 77 DEBUG ASP.global_asax - Current AppDomainAppId:c45ed0e5
2016-01-13 19:31:02,853 85 INFO ASP.global_asax - END: Application_Start()
2016-01-13 19:31:02,869 11 INFO ASP.global_asax - BEGIN: Init()
2016-01-13 19:31:02,873 14 DEBUG ASP.global_asax - Current AppDomainId:c45ed0e5-2-130971582616709597
2016-01-13 19:31:02,877 15 DEBUG ASP.global_asax - Current AppDomainAppPath:E:\IMES_CODE\Code\RCTO\web\
2016-01-13 19:31:02,881 16 DEBUG ASP.global_asax - Current AppDomainAppId:c45ed0e5
2016-01-13 19:31:02,885 24 INFO ASP.global_asax - END: Init()
2016-01-13 19:31:04,811 37 INFO MasterPage - BEGIN: Page_Init()
2016-01-13 19:31:04,822 42 DEBUG MasterPage - Path:~/PAK/PalletDataVerifyForRCTO.aspx IsPostBack:False SessionId: UserId:DYH
2016-01-13 19:31:04,827 88 INFO MasterPage - END: Page_Init()
2016-01-13 19:31:06,094 11 INFO ASP.global_asax - BEGIN: Init()
2016-01-13 19:31:06,104 14 DEBUG ASP.global_asax - Current AppDomainId:c45ed0e5-2-130971582616709597
2016-01-13 19:31:06,111 11 INFO ASP.global_asax - BEGIN: Init()
2016-01-13 19:31:06,112 15 DEBUG ASP.global_asax - Current AppDomainAppPath:E:\IMES_CODE\Code\RCTO\web\
2016-01-13 19:31:06,126 16 DEBUG ASP.global_asax - Current AppDomainAppId:c45ed0e5
2016-01-13 19:31:06,118 14 DEBUG ASP.global_asax - Current AppDomainId:c45ed0e5-2-130971582616709597
2016-01-13 19:31:06,131 24 INFO ASP.global_asax - END: Init()
2016-01-13 19:31:06,137 15 DEBUG ASP.global_asax - Current AppDomainAppPath:E:\IMES_CODE\Code\RCTO\web\
2016-01-13 19:31:06,148 16 DEBUG ASP.global_asax - Current AppDomainAppId:c45ed0e5
2016-01-13 19:31:06,154 24 INFO ASP.global_asax - END: Init()
2016-01-13 19:32:06,337 95 INFO ASP.global_asax - BEGIN: Application_End()
2016-01-13 19:32:06,349 99 DEBUG ASP.global_asax - Current AppDomainId:c45ed0e5-2-130971582616709597
2016-01-13 19:32:06,358 100 DEBUG ASP.global_asax - Current AppDomainAppPath:E:\IMES_CODE\Code\RCTO\web\
2016-01-13 19:32:06,364 101 DEBUG ASP.global_asax - Current AppDomainAppId:c45ed0e5
2016-01-13 19:32:06,372 109 INFO ASP.global_asax - END: Application_End()
2016-01-13 19:40:15,997 72 INFO ASP.global_asax - BEGIN: Application_Start()
2016-01-13 19:40:16,015 75 DEBUG ASP.global_asax - Current AppDomainId:c45ed0e5-3-130971588147952666
2016-01-13 19:40:16,019 76 DEBUG ASP.global_asax - Current AppDomainAppPath:E:\IMES_CODE\Code\RCTO\web\
2016-01-13 19:40:16,023 77 DEBUG ASP.global_asax - Current AppDomainAppId:c45ed0e5
2016-01-13 19:40:16,026 85 INFO ASP.global_asax - END: Application_Start()
2016-01-13 19:40:16,038 11 INFO ASP.global_asax - BEGIN: Init()
2016-01-13 19:40:16,042 14 DEBUG ASP.global_asax - Current AppDomainId:c45ed0e5-3-130971588147952666
2016-01-13 19:40:16,046 15 DEBUG ASP.global_asax - Current AppDomainAppPath:E:\IMES_CODE\Code\RCTO\web\
2016-01-13 19:40:16,050 16 DEBUG ASP.global_asax - Current AppDomainAppId:c45ed0e5
2016-01-13 19:40:16,054 24 INFO ASP.global_asax - END: Init()
2016-01-13 19:40:16,257 37 INFO MasterPage - BEGIN: Page_Init()
2016-01-13 19:40:16,266 42 DEBUG MasterPage - Path:~/PAK/PalletDataVerifyForRCTO.aspx IsPostBack:False SessionId: UserId:DYH
2016-01-13 19:40:16,271 88 INFO MasterPage - END: Page_Init()
2016-01-13 19:40:17,085 11 INFO ASP.global_asax - BEGIN: Init()
2016-01-13 19:40:17,092 14 DEBUG ASP.global_asax - Current AppDomainId:c45ed0e5-3-130971588147952666
2016-01-13 19:40:17,096 11 INFO ASP.global_asax - BEGIN: Init()
2016-01-13 19:40:17,105 15 DEBUG ASP.global_asax - Current AppDomainAppPath:E:\IMES_CODE\Code\RCTO\web\
2016-01-13 19:40:17,119 16 DEBUG ASP.global_asax - Current AppDomainAppId:c45ed0e5
2016-01-13 19:40:17,111 14 DEBUG ASP.global_asax - Current AppDomainId:c45ed0e5-3-130971588147952666
2016-01-13 19:40:17,125 24 INFO ASP.global_asax - END: Init()
2016-01-13 19:40:17,131 15 DEBUG ASP.global_asax - Current AppDomainAppPath:E:\IMES_CODE\Code\RCTO\web\
2016-01-13 19:40:17,140 16 DEBUG ASP.global_asax - Current AppDomainAppId:c45ed0e5
2016-01-13 19:40:17,146 24 INFO ASP.global_asax - END: Init()
