2016-01-11 10:27:51,325 72 INFO ASP.global_asax - BEGIN: Application_Start()
2016-01-11 10:27:51,653 75 DEBUG ASP.global_asax - Current AppDomainId:7d1d7906-1-130969527521587128
2016-01-11 10:27:51,653 76 DEBUG ASP.global_asax - Current AppDomainAppPath:E:\IMES_CODE\Code\SKU_Docking\web\
2016-01-11 10:27:51,653 77 DEBUG ASP.global_asax - Current AppDomainAppId:7d1d7906
2016-01-11 10:27:51,668 85 INFO ASP.global_asax - END: Application_Start()
2016-01-11 10:27:52,027 11 INFO ASP.global_asax - BEGIN: Init()
2016-01-11 10:27:52,043 14 DEBUG ASP.global_asax - Current AppDomainId:7d1d7906-1-130969527521587128
2016-01-11 10:27:52,058 15 DEBUG ASP.global_asax - Current AppDomainAppPath:E:\IMES_CODE\Code\SKU_Docking\web\
2016-01-11 10:27:52,074 16 DEBUG ASP.global_asax - Current AppDomainAppId:7d1d7906
2016-01-11 10:27:52,074 24 INFO ASP.global_asax - END: Init()
2016-01-11 10:29:48,934 37 INFO MasterPage - BEGIN: Page_Init()
2016-01-11 10:29:49,433 42 DEBUG MasterPage - Path:~/PAK/UnitWeightNew.aspx IsPostBack:False SessionId: UserId:
2016-01-11 10:29:49,433 86 INFO MasterPage - END: Page_Init()
2016-01-11 10:30:21,116 11 INFO ASP.global_asax - BEGIN: Init()
2016-01-11 10:30:21,131 14 DEBUG ASP.global_asax - Current AppDomainId:7d1d7906-1-130969527521587128
2016-01-11 10:30:21,131 15 DEBUG ASP.global_asax - Current AppDomainAppPath:E:\IMES_CODE\Code\SKU_Docking\web\
2016-01-11 10:30:21,131 16 DEBUG ASP.global_asax - Current AppDomainAppId:7d1d7906
2016-01-11 10:30:21,147 24 INFO ASP.global_asax - END: Init()
2016-01-11 10:30:21,272 11 INFO ASP.global_asax - BEGIN: Init()
2016-01-11 10:30:21,272 14 DEBUG ASP.global_asax - Current AppDomainId:7d1d7906-1-130969527521587128
2016-01-11 10:30:21,272 15 DEBUG ASP.global_asax - Current AppDomainAppPath:E:\IMES_CODE\Code\SKU_Docking\web\
2016-01-11 10:30:21,287 16 DEBUG ASP.global_asax - Current AppDomainAppId:7d1d7906
2016-01-11 10:30:21,287 24 INFO ASP.global_asax - END: Init()
2016-01-11 10:30:22,520 11 INFO ASP.global_asax - BEGIN: Init()
2016-01-11 10:30:22,535 14 DEBUG ASP.global_asax - Current AppDomainId:7d1d7906-1-130969527521587128
2016-01-11 10:30:22,551 15 DEBUG ASP.global_asax - Current AppDomainAppPath:E:\IMES_CODE\Code\SKU_Docking\web\
2016-01-11 10:30:22,551 16 DEBUG ASP.global_asax - Current AppDomainAppId:7d1d7906
2016-01-11 10:30:22,566 24 INFO ASP.global_asax - END: Init()
2016-01-11 10:30:22,582 11 INFO ASP.global_asax - BEGIN: Init()
2016-01-11 10:30:22,582 11 INFO ASP.global_asax - BEGIN: Init()
2016-01-11 10:30:22,582 14 DEBUG ASP.global_asax - Current AppDomainId:7d1d7906-1-130969527521587128
2016-01-11 10:30:22,598 15 DEBUG ASP.global_asax - Current AppDomainAppPath:E:\IMES_CODE\Code\SKU_Docking\web\
2016-01-11 10:30:22,582 14 DEBUG ASP.global_asax - Current AppDomainId:7d1d7906-1-130969527521587128
2016-01-11 10:30:22,598 16 DEBUG ASP.global_asax - Current AppDomainAppId:7d1d7906
2016-01-11 10:30:22,598 15 DEBUG ASP.global_asax - Current AppDomainAppPath:E:\IMES_CODE\Code\SKU_Docking\web\
2016-01-11 10:30:22,613 24 INFO ASP.global_asax - END: Init()
2016-01-11 10:30:22,613 16 DEBUG ASP.global_asax - Current AppDomainAppId:7d1d7906
2016-01-11 10:30:22,629 24 INFO ASP.global_asax - END: Init()
2016-01-11 10:32:49,931 37 INFO MasterPage - BEGIN: Page_Init()
2016-01-11 10:32:49,931 42 DEBUG MasterPage - Path:~/PAK/UnitWeightNew.aspx IsPostBack:False SessionId: UserId:
2016-01-11 10:32:49,947 86 INFO MasterPage - END: Page_Init()
2016-01-11 10:32:50,009 11 INFO ASP.global_asax - BEGIN: Init()
2016-01-11 10:32:50,009 14 DEBUG ASP.global_asax - Current AppDomainId:7d1d7906-1-130969527521587128
2016-01-11 10:32:50,009 15 DEBUG ASP.global_asax - Current AppDomainAppPath:E:\IMES_CODE\Code\SKU_Docking\web\
2016-01-11 10:32:50,025 16 DEBUG ASP.global_asax - Current AppDomainAppId:7d1d7906
2016-01-11 10:32:50,025 24 INFO ASP.global_asax - END: Init()
2016-01-11 10:33:08,098 37 INFO MasterPage - BEGIN: Page_Init()
2016-01-11 10:33:08,098 42 DEBUG MasterPage - Path:~/PAK/UnitWeightNew.aspx IsPostBack:False SessionId: UserId:
2016-01-11 10:33:08,114 86 INFO MasterPage - END: Page_Init()
2016-01-11 10:33:08,252 11 INFO ASP.global_asax - BEGIN: Init()
2016-01-11 10:33:08,252 14 DEBUG ASP.global_asax - Current AppDomainId:7d1d7906-1-130969527521587128
2016-01-11 10:33:08,262 15 DEBUG ASP.global_asax - Current AppDomainAppPath:E:\IMES_CODE\Code\SKU_Docking\web\
2016-01-11 10:33:08,262 16 DEBUG ASP.global_asax - Current AppDomainAppId:7d1d7906
2016-01-11 10:33:08,272 24 INFO ASP.global_asax - END: Init()
2016-01-11 10:33:24,786 37 INFO MasterPage - BEGIN: Page_Init()
2016-01-11 10:33:24,786 42 DEBUG MasterPage - Path:~/PAK/UnitWeight.aspx IsPostBack:False SessionId: UserId:
2016-01-11 10:33:24,786 86 INFO MasterPage - END: Page_Init()
2016-01-11 10:42:05,717 37 INFO MasterPage - BEGIN: Page_Init()
2016-01-11 10:42:05,732 42 DEBUG MasterPage - Path:~/PAK/UnitWeight.aspx IsPostBack:False SessionId: UserId:
2016-01-11 10:42:05,748 86 INFO MasterPage - END: Page_Init()
2016-01-11 10:42:05,810 11 INFO ASP.global_asax - BEGIN: Init()
2016-01-11 10:42:05,810 11 INFO ASP.global_asax - BEGIN: Init()
2016-01-11 10:42:05,810 14 DEBUG ASP.global_asax - Current AppDomainId:7d1d7906-1-130969527521587128
2016-01-11 10:42:05,826 14 DEBUG ASP.global_asax - Current AppDomainId:7d1d7906-1-130969527521587128
2016-01-11 10:42:05,826 15 DEBUG ASP.global_asax - Current AppDomainAppPath:E:\IMES_CODE\Code\SKU_Docking\web\
2016-01-11 10:42:05,826 15 DEBUG ASP.global_asax - Current AppDomainAppPath:E:\IMES_CODE\Code\SKU_Docking\web\
2016-01-11 10:42:05,841 16 DEBUG ASP.global_asax - Current AppDomainAppId:7d1d7906
2016-01-11 10:42:05,841 16 DEBUG ASP.global_asax - Current AppDomainAppId:7d1d7906
2016-01-11 10:42:05,841 24 INFO ASP.global_asax - END: Init()
2016-01-11 10:42:05,841 24 INFO ASP.global_asax - END: Init()
2016-01-11 10:42:33,440 37 INFO MasterPage - BEGIN: Page_Init()
2016-01-11 10:42:33,487 42 DEBUG MasterPage - Path:~/PAK/UnitWeight.aspx IsPostBack:False SessionId: UserId:
2016-01-11 10:42:33,487 86 INFO MasterPage - END: Page_Init()
2016-01-11 10:47:32,463 11 INFO ASP.global_asax - BEGIN: Init()
2016-01-11 10:47:32,479 14 DEBUG ASP.global_asax - Current AppDomainId:7d1d7906-1-130969527521587128
2016-01-11 10:47:32,479 15 DEBUG ASP.global_asax - Current AppDomainAppPath:E:\IMES_CODE\Code\SKU_Docking\web\
2016-01-11 10:47:32,494 16 DEBUG ASP.global_asax - Current AppDomainAppId:7d1d7906
2016-01-11 10:47:32,494 24 INFO ASP.global_asax - END: Init()
2016-01-11 10:51:28,102 37 INFO MasterPage - BEGIN: Page_Init()
2016-01-11 10:51:28,149 42 DEBUG MasterPage - Path:~/PAK/UnitWeight.aspx IsPostBack:False SessionId: UserId:
2016-01-11 10:51:28,164 86 INFO MasterPage - END: Page_Init()
2016-01-11 10:51:28,227 11 INFO ASP.global_asax - BEGIN: Init()
2016-01-11 10:51:28,227 14 DEBUG ASP.global_asax - Current AppDomainId:7d1d7906-1-130969527521587128
2016-01-11 10:51:28,242 15 DEBUG ASP.global_asax - Current AppDomainAppPath:E:\IMES_CODE\Code\SKU_Docking\web\
2016-01-11 10:51:28,242 11 INFO ASP.global_asax - BEGIN: Init()
2016-01-11 10:51:28,242 16 DEBUG ASP.global_asax - Current AppDomainAppId:7d1d7906
2016-01-11 10:51:28,242 14 DEBUG ASP.global_asax - Current AppDomainId:7d1d7906-1-130969527521587128
2016-01-11 10:51:28,258 15 DEBUG ASP.global_asax - Current AppDomainAppPath:E:\IMES_CODE\Code\SKU_Docking\web\
2016-01-11 10:51:28,242 24 INFO ASP.global_asax - END: Init()
2016-01-11 10:51:28,258 16 DEBUG ASP.global_asax - Current AppDomainAppId:7d1d7906
2016-01-11 10:51:28,258 24 INFO ASP.global_asax - END: Init()
2016-01-11 10:53:38,510 11 INFO ASP.global_asax - BEGIN: Init()
2016-01-11 10:53:38,510 14 DEBUG ASP.global_asax - Current AppDomainId:7d1d7906-1-130969527521587128
2016-01-11 10:53:38,526 15 DEBUG ASP.global_asax - Current AppDomainAppPath:E:\IMES_CODE\Code\SKU_Docking\web\
2016-01-11 10:53:38,526 16 DEBUG ASP.global_asax - Current AppDomainAppId:7d1d7906
2016-01-11 10:53:38,526 24 INFO ASP.global_asax - END: Init()
2016-01-11 10:56:43,699 37 INFO MasterPage - BEGIN: Page_Init()
2016-01-11 10:56:43,715 42 DEBUG MasterPage - Path:~/PAK/UnitWeight.aspx IsPostBack:False SessionId: UserId:
2016-01-11 10:56:43,730 86 INFO MasterPage - END: Page_Init()
2016-01-11 10:56:43,746 11 INFO ASP.global_asax - BEGIN: Init()
2016-01-11 10:56:43,762 14 DEBUG ASP.global_asax - Current AppDomainId:7d1d7906-1-130969527521587128
2016-01-11 10:56:43,762 11 INFO ASP.global_asax - BEGIN: Init()
2016-01-11 10:56:43,777 14 DEBUG ASP.global_asax - Current AppDomainId:7d1d7906-1-130969527521587128
2016-01-11 10:56:43,762 15 DEBUG ASP.global_asax - Current AppDomainAppPath:E:\IMES_CODE\Code\SKU_Docking\web\
2016-01-11 10:56:43,793 15 DEBUG ASP.global_asax - Current AppDomainAppPath:E:\IMES_CODE\Code\SKU_Docking\web\
2016-01-11 10:56:43,824 16 DEBUG ASP.global_asax - Current AppDomainAppId:7d1d7906
2016-01-11 10:56:43,808 16 DEBUG ASP.global_asax - Current AppDomainAppId:7d1d7906
2016-01-11 10:56:43,824 24 INFO ASP.global_asax - END: Init()
2016-01-11 10:56:43,840 24 INFO ASP.global_asax - END: Init()
2016-01-11 10:57:21,465 11 INFO ASP.global_asax - BEGIN: Init()
2016-01-11 10:57:21,480 14 DEBUG ASP.global_asax - Current AppDomainId:7d1d7906-1-130969527521587128
2016-01-11 10:57:21,496 15 DEBUG ASP.global_asax - Current AppDomainAppPath:E:\IMES_CODE\Code\SKU_Docking\web\
2016-01-11 10:57:21,496 16 DEBUG ASP.global_asax - Current AppDomainAppId:7d1d7906
2016-01-11 10:57:21,512 24 INFO ASP.global_asax - END: Init()
2016-01-11 11:02:03,813 37 INFO MasterPage - BEGIN: Page_Init()
2016-01-11 11:02:03,813 42 DEBUG MasterPage - Path:~/PAK/UnitWeight.aspx IsPostBack:False SessionId: UserId:
2016-01-11 11:02:03,813 86 INFO MasterPage - END: Page_Init()
2016-01-11 11:02:03,844 11 INFO ASP.global_asax - BEGIN: Init()
2016-01-11 11:02:03,844 11 INFO ASP.global_asax - BEGIN: Init()
2016-01-11 11:02:03,860 14 DEBUG ASP.global_asax - Current AppDomainId:7d1d7906-1-130969527521587128
2016-01-11 11:02:03,844 14 DEBUG ASP.global_asax - Current AppDomainId:7d1d7906-1-130969527521587128
2016-01-11 11:02:03,860 15 DEBUG ASP.global_asax - Current AppDomainAppPath:E:\IMES_CODE\Code\SKU_Docking\web\
2016-01-11 11:02:03,876 16 DEBUG ASP.global_asax - Current AppDomainAppId:7d1d7906
2016-01-11 11:02:03,876 24 INFO ASP.global_asax - END: Init()
2016-01-11 11:02:03,860 15 DEBUG ASP.global_asax - Current AppDomainAppPath:E:\IMES_CODE\Code\SKU_Docking\web\
2016-01-11 11:02:03,907 16 DEBUG ASP.global_asax - Current AppDomainAppId:7d1d7906
2016-01-11 11:02:03,907 24 INFO ASP.global_asax - END: Init()
2016-01-11 11:03:14,598 37 INFO MasterPage - BEGIN: Page_Init()
2016-01-11 11:03:14,614 42 DEBUG MasterPage - Path:~/PAK/UnitWeight.aspx IsPostBack:False SessionId: UserId:
2016-01-11 11:03:14,630 86 INFO MasterPage - END: Page_Init()
2016-01-11 11:04:02,185 11 INFO ASP.global_asax - BEGIN: Init()
2016-01-11 11:04:02,201 14 DEBUG ASP.global_asax - Current AppDomainId:7d1d7906-1-130969527521587128
2016-01-11 11:04:02,217 15 DEBUG ASP.global_asax - Current AppDomainAppPath:E:\IMES_CODE\Code\SKU_Docking\web\
2016-01-11 11:04:02,232 16 DEBUG ASP.global_asax - Current AppDomainAppId:7d1d7906
2016-01-11 11:04:02,232 24 INFO ASP.global_asax - END: Init()
2016-01-11 11:44:37,010 11 INFO ASP.global_asax - BEGIN: Init()
2016-01-11 11:44:37,025 14 DEBUG ASP.global_asax - Current AppDomainId:7d1d7906-1-130969527521587128
2016-01-11 11:44:37,025 15 DEBUG ASP.global_asax - Current AppDomainAppPath:E:\IMES_CODE\Code\SKU_Docking\web\
2016-01-11 11:44:37,025 16 DEBUG ASP.global_asax - Current AppDomainAppId:7d1d7906
2016-01-11 11:44:37,041 24 INFO ASP.global_asax - END: Init()
2016-01-11 11:49:36,309 11 INFO ASP.global_asax - BEGIN: Init()
2016-01-11 11:49:36,309 14 DEBUG ASP.global_asax - Current AppDomainId:7d1d7906-1-130969527521587128
2016-01-11 11:49:36,324 15 DEBUG ASP.global_asax - Current AppDomainAppPath:E:\IMES_CODE\Code\SKU_Docking\web\
2016-01-11 11:49:36,324 16 DEBUG ASP.global_asax - Current AppDomainAppId:7d1d7906
2016-01-11 11:49:36,324 24 INFO ASP.global_asax - END: Init()
2016-01-11 11:49:36,356 11 INFO ASP.global_asax - BEGIN: Init()
2016-01-11 11:49:36,356 14 DEBUG ASP.global_asax - Current AppDomainId:7d1d7906-1-130969527521587128
2016-01-11 11:49:36,387 15 DEBUG ASP.global_asax - Current AppDomainAppPath:E:\IMES_CODE\Code\SKU_Docking\web\
2016-01-11 11:49:36,387 16 DEBUG ASP.global_asax - Current AppDomainAppId:7d1d7906
2016-01-11 11:49:36,387 24 INFO ASP.global_asax - END: Init()
2016-01-11 13:11:46,274 11 INFO ASP.global_asax - BEGIN: Init()
2016-01-11 13:11:46,290 14 DEBUG ASP.global_asax - Current AppDomainId:7d1d7906-1-130969527521587128
2016-01-11 13:11:46,290 15 DEBUG ASP.global_asax - Current AppDomainAppPath:E:\IMES_CODE\Code\SKU_Docking\web\
2016-01-11 13:11:46,290 16 DEBUG ASP.global_asax - Current AppDomainAppId:7d1d7906
2016-01-11 13:11:46,306 24 INFO ASP.global_asax - END: Init()
2016-01-11 13:12:48,847 11 INFO ASP.global_asax - BEGIN: Init()
2016-01-11 13:12:48,847 14 DEBUG ASP.global_asax - Current AppDomainId:7d1d7906-1-130969527521587128
2016-01-11 13:12:48,862 15 DEBUG ASP.global_asax - Current AppDomainAppPath:E:\IMES_CODE\Code\SKU_Docking\web\
2016-01-11 13:12:48,862 16 DEBUG ASP.global_asax - Current AppDomainAppId:7d1d7906
2016-01-11 13:12:48,862 24 INFO ASP.global_asax - END: Init()
2016-01-11 13:12:48,909 11 INFO ASP.global_asax - BEGIN: Init()
2016-01-11 13:12:48,940 14 DEBUG ASP.global_asax - Current AppDomainId:7d1d7906-1-130969527521587128
2016-01-11 13:12:48,940 15 DEBUG ASP.global_asax - Current AppDomainAppPath:E:\IMES_CODE\Code\SKU_Docking\web\
2016-01-11 13:12:48,956 16 DEBUG ASP.global_asax - Current AppDomainAppId:7d1d7906
2016-01-11 13:12:48,956 24 INFO ASP.global_asax - END: Init()
2016-01-11 13:20:05,792 11 INFO ASP.global_asax - BEGIN: Init()
2016-01-11 13:20:05,792 14 DEBUG ASP.global_asax - Current AppDomainId:7d1d7906-1-130969527521587128
2016-01-11 13:20:05,807 15 DEBUG ASP.global_asax - Current AppDomainAppPath:E:\IMES_CODE\Code\SKU_Docking\web\
2016-01-11 13:20:05,807 16 DEBUG ASP.global_asax - Current AppDomainAppId:7d1d7906
2016-01-11 13:20:05,807 24 INFO ASP.global_asax - END: Init()
2016-01-11 13:20:05,885 11 INFO ASP.global_asax - BEGIN: Init()
2016-01-11 13:20:05,901 14 DEBUG ASP.global_asax - Current AppDomainId:7d1d7906-1-130969527521587128
2016-01-11 13:20:05,901 15 DEBUG ASP.global_asax - Current AppDomainAppPath:E:\IMES_CODE\Code\SKU_Docking\web\
2016-01-11 13:20:05,916 16 DEBUG ASP.global_asax - Current AppDomainAppId:7d1d7906
2016-01-11 13:20:05,916 24 INFO ASP.global_asax - END: Init()
2016-01-11 13:21:22,601 37 INFO MasterPage - BEGIN: Page_Init()
2016-01-11 13:21:22,850 42 DEBUG MasterPage - Path:~/PAK/UnitWeight.aspx IsPostBack:False SessionId: UserId:
2016-01-11 13:21:22,866 86 INFO MasterPage - END: Page_Init()
2016-01-11 13:21:23,396 11 INFO ASP.global_asax - BEGIN: Init()
2016-01-11 13:21:23,396 14 DEBUG ASP.global_asax - Current AppDomainId:7d1d7906-1-130969527521587128
2016-01-11 13:21:23,412 15 DEBUG ASP.global_asax - Current AppDomainAppPath:E:\IMES_CODE\Code\SKU_Docking\web\
2016-01-11 13:21:23,412 16 DEBUG ASP.global_asax - Current AppDomainAppId:7d1d7906
2016-01-11 13:21:23,427 24 INFO ASP.global_asax - END: Init()
2016-01-11 13:21:23,661 11 INFO ASP.global_asax - BEGIN: Init()
2016-01-11 13:21:23,677 14 DEBUG ASP.global_asax - Current AppDomainId:7d1d7906-1-130969527521587128
2016-01-11 13:21:23,692 15 DEBUG ASP.global_asax - Current AppDomainAppPath:E:\IMES_CODE\Code\SKU_Docking\web\
2016-01-11 13:21:23,692 16 DEBUG ASP.global_asax - Current AppDomainAppId:7d1d7906
2016-01-11 13:21:23,708 24 INFO ASP.global_asax - END: Init()
2016-01-11 13:21:40,059 37 INFO MasterPage - BEGIN: Page_Init()
2016-01-11 13:21:40,074 42 DEBUG MasterPage - Path:~/PAK/UnitWeight.aspx IsPostBack:False SessionId: UserId:
2016-01-11 13:21:40,090 86 INFO MasterPage - END: Page_Init()
2016-01-11 13:59:18,830 37 INFO MasterPage - BEGIN: Page_Init()
2016-01-11 13:59:19,205 42 DEBUG MasterPage - Path:~/PAK/UnitWeight.aspx IsPostBack:False SessionId: UserId:
2016-01-11 13:59:19,220 86 INFO MasterPage - END: Page_Init()
2016-01-11 13:59:19,719 11 INFO ASP.global_asax - BEGIN: Init()
2016-01-11 13:59:19,735 14 DEBUG ASP.global_asax - Current AppDomainId:7d1d7906-1-130969527521587128
2016-01-11 13:59:19,735 15 DEBUG ASP.global_asax - Current AppDomainAppPath:E:\IMES_CODE\Code\SKU_Docking\web\
2016-01-11 13:59:19,735 16 DEBUG ASP.global_asax - Current AppDomainAppId:7d1d7906
2016-01-11 13:59:19,751 24 INFO ASP.global_asax - END: Init()
2016-01-11 13:59:19,782 11 INFO ASP.global_asax - BEGIN: Init()
2016-01-11 13:59:19,782 14 DEBUG ASP.global_asax - Current AppDomainId:7d1d7906-1-130969527521587128
2016-01-11 13:59:19,782 15 DEBUG ASP.global_asax - Current AppDomainAppPath:E:\IMES_CODE\Code\SKU_Docking\web\
2016-01-11 13:59:19,797 16 DEBUG ASP.global_asax - Current AppDomainAppId:7d1d7906
2016-01-11 13:59:19,797 24 INFO ASP.global_asax - END: Init()
2016-01-11 13:59:57,650 11 INFO ASP.global_asax - BEGIN: Init()
2016-01-11 13:59:57,650 14 DEBUG ASP.global_asax - Current AppDomainId:7d1d7906-1-130969527521587128
2016-01-11 13:59:57,665 15 DEBUG ASP.global_asax - Current AppDomainAppPath:E:\IMES_CODE\Code\SKU_Docking\web\
2016-01-11 13:59:57,681 16 DEBUG ASP.global_asax - Current AppDomainAppId:7d1d7906
2016-01-11 13:59:57,697 24 INFO ASP.global_asax - END: Init()
2016-01-11 14:03:31,407 37 INFO MasterPage - BEGIN: Page_Init()
2016-01-11 14:03:31,444 42 DEBUG MasterPage - Path:~/PAK/UnitWeight.aspx IsPostBack:False SessionId: UserId:
2016-01-11 14:03:31,449 86 INFO MasterPage - END: Page_Init()
2016-01-11 14:03:31,519 11 INFO ASP.global_asax - BEGIN: Init()
2016-01-11 14:03:31,526 14 DEBUG ASP.global_asax - Current AppDomainId:7d1d7906-1-130969527521587128
2016-01-11 14:03:31,532 11 INFO ASP.global_asax - BEGIN: Init()
2016-01-11 14:03:31,536 15 DEBUG ASP.global_asax - Current AppDomainAppPath:E:\IMES_CODE\Code\SKU_Docking\web\
2016-01-11 14:03:31,551 14 DEBUG ASP.global_asax - Current AppDomainId:7d1d7906-1-130969527521587128
2016-01-11 14:03:31,562 16 DEBUG ASP.global_asax - Current AppDomainAppId:7d1d7906
2016-01-11 14:03:31,580 24 INFO ASP.global_asax - END: Init()
2016-01-11 14:03:31,573 15 DEBUG ASP.global_asax - Current AppDomainAppPath:E:\IMES_CODE\Code\SKU_Docking\web\
2016-01-11 14:03:31,597 16 DEBUG ASP.global_asax - Current AppDomainAppId:7d1d7906
2016-01-11 14:03:31,611 24 INFO ASP.global_asax - END: Init()
2016-01-11 14:04:51,932 11 INFO ASP.global_asax - BEGIN: Init()
2016-01-11 14:04:51,948 14 DEBUG ASP.global_asax - Current AppDomainId:7d1d7906-1-130969527521587128
2016-01-11 14:04:51,964 15 DEBUG ASP.global_asax - Current AppDomainAppPath:E:\IMES_CODE\Code\SKU_Docking\web\
2016-01-11 14:04:51,979 16 DEBUG ASP.global_asax - Current AppDomainAppId:7d1d7906
2016-01-11 14:04:51,979 24 INFO ASP.global_asax - END: Init()
2016-01-11 14:07:00,966 37 INFO MasterPage - BEGIN: Page_Init()
2016-01-11 14:07:00,981 42 DEBUG MasterPage - Path:~/PAK/UnitWeight.aspx IsPostBack:False SessionId: UserId:
2016-01-11 14:07:00,997 86 INFO MasterPage - END: Page_Init()
2016-01-11 14:07:01,028 11 INFO ASP.global_asax - BEGIN: Init()
2016-01-11 14:07:01,044 14 DEBUG ASP.global_asax - Current AppDomainId:7d1d7906-1-130969527521587128
2016-01-11 14:07:01,044 15 DEBUG ASP.global_asax - Current AppDomainAppPath:E:\IMES_CODE\Code\SKU_Docking\web\
2016-01-11 14:07:01,059 16 DEBUG ASP.global_asax - Current AppDomainAppId:7d1d7906
2016-01-11 14:07:01,059 24 INFO ASP.global_asax - END: Init()
2016-01-11 14:07:02,360 37 INFO MasterPage - BEGIN: Page_Init()
2016-01-11 14:07:02,376 42 DEBUG MasterPage - Path:~/PAK/UnitWeight.aspx IsPostBack:False SessionId: UserId:
2016-01-11 14:07:02,376 86 INFO MasterPage - END: Page_Init()
2016-01-11 14:47:59,309 11 INFO ASP.global_asax - BEGIN: Init()
2016-01-11 14:47:59,309 14 DEBUG ASP.global_asax - Current AppDomainId:7d1d7906-1-130969527521587128
2016-01-11 14:47:59,324 15 DEBUG ASP.global_asax - Current AppDomainAppPath:E:\IMES_CODE\Code\SKU_Docking\web\
2016-01-11 14:47:59,324 16 DEBUG ASP.global_asax - Current AppDomainAppId:7d1d7906
2016-01-11 14:47:59,324 24 INFO ASP.global_asax - END: Init()
2016-01-11 14:47:59,418 11 INFO ASP.global_asax - BEGIN: Init()
2016-01-11 14:47:59,434 14 DEBUG ASP.global_asax - Current AppDomainId:7d1d7906-1-130969527521587128
2016-01-11 14:47:59,449 15 DEBUG ASP.global_asax - Current AppDomainAppPath:E:\IMES_CODE\Code\SKU_Docking\web\
2016-01-11 14:47:59,449 16 DEBUG ASP.global_asax - Current AppDomainAppId:7d1d7906
2016-01-11 14:47:59,465 24 INFO ASP.global_asax - END: Init()
2016-01-11 14:50:48,572 11 INFO ASP.global_asax - BEGIN: Init()
2016-01-11 14:50:48,572 14 DEBUG ASP.global_asax - Current AppDomainId:7d1d7906-1-130969527521587128
2016-01-11 14:50:48,588 15 DEBUG ASP.global_asax - Current AppDomainAppPath:E:\IMES_CODE\Code\SKU_Docking\web\
2016-01-11 14:50:48,588 16 DEBUG ASP.global_asax - Current AppDomainAppId:7d1d7906
2016-01-11 14:50:48,588 24 INFO ASP.global_asax - END: Init()
2016-01-11 14:50:48,681 11 INFO ASP.global_asax - BEGIN: Init()
2016-01-11 14:50:48,697 14 DEBUG ASP.global_asax - Current AppDomainId:7d1d7906-1-130969527521587128
2016-01-11 14:50:48,759 15 DEBUG ASP.global_asax - Current AppDomainAppPath:E:\IMES_CODE\Code\SKU_Docking\web\
2016-01-11 14:50:48,759 16 DEBUG ASP.global_asax - Current AppDomainAppId:7d1d7906
2016-01-11 14:50:48,759 24 INFO ASP.global_asax - END: Init()
2016-01-11 15:01:58,047 37 INFO MasterPage - BEGIN: Page_Init()
2016-01-11 15:01:58,047 42 DEBUG MasterPage - Path:~/PAK/UnitWeight.aspx IsPostBack:False SessionId: UserId:DYH
2016-01-11 15:01:58,062 86 INFO MasterPage - END: Page_Init()
2016-01-11 15:01:58,140 11 INFO ASP.global_asax - BEGIN: Init()
2016-01-11 15:01:58,156 11 INFO ASP.global_asax - BEGIN: Init()
2016-01-11 15:01:58,156 14 DEBUG ASP.global_asax - Current AppDomainId:7d1d7906-1-130969527521587128
2016-01-11 15:01:58,156 14 DEBUG ASP.global_asax - Current AppDomainId:7d1d7906-1-130969527521587128
2016-01-11 15:01:58,172 15 DEBUG ASP.global_asax - Current AppDomainAppPath:E:\IMES_CODE\Code\SKU_Docking\web\
2016-01-11 15:01:58,187 15 DEBUG ASP.global_asax - Current AppDomainAppPath:E:\IMES_CODE\Code\SKU_Docking\web\
2016-01-11 15:01:58,203 16 DEBUG ASP.global_asax - Current AppDomainAppId:7d1d7906
2016-01-11 15:01:58,218 16 DEBUG ASP.global_asax - Current AppDomainAppId:7d1d7906
2016-01-11 15:01:58,234 24 INFO ASP.global_asax - END: Init()
2016-01-11 15:01:58,250 24 INFO ASP.global_asax - END: Init()
